<component name="libraryTable">
  <library name="JUnit">
    <CLASSES>
      <root url="jar://$PROJECT_DIR$/lib/junit-5.0.0/apiguardian-api-1.0.0.jar!/" />
      <root url="jar://$PROJECT_DIR$/lib/junit-5.0.0/junit-jupiter-api-5.0.0.jar!/" />
      <root url="jar://$PROJECT_DIR$/lib/junit-5.0.0/junit-platform-commons-1.0.0.jar!/" />
      <root url="jar://$PROJECT_DIR$/lib/junit-5.0.0/opentest4j-1.0.0.jar!/" />
    </CLASSES>
    <JAVADOC />
    <SOURCES />
  </library>
</component>